[2025-12-17 03:32:35] Script started.
[2025-12-17 03:32:35] Found autoload at: D:\xampp\htdocs\Hirenorian\Pages\Account Registration Pages\Company Registration Modern\php/../../../../vendor/autoload.php
[2025-12-17 03:32:35] Raw input: {"email":"clarencecastro267@gmail.com"}
[2025-12-17 03:32:35] Generated OTP: 748569 for clarencecastro267@gmail.com
[2025-12-17 03:32:35] SMTP configured.
[2025-12-17 03:32:35] Attempting to send...
[2025-12-17 03:32:40] Email sent successfully.
[2025-12-17 03:32:44] Script started.
[2025-12-17 03:32:44] Found autoload at: D:\xampp\htdocs\Hirenorian\Pages\Account Registration Pages\Company Registration Modern\php/../../../../vendor/autoload.php
[2025-12-17 03:32:44] Raw input: {"email":"clarencecastro267@gmail.com"}
[2025-12-17 03:32:44] Generated OTP: 752910 for clarencecastro267@gmail.com
[2025-12-17 03:32:44] SMTP configured.
[2025-12-17 03:32:44] Attempting to send...
[2025-12-17 03:32:49] Email sent successfully.
[2025-12-17 03:33:13] Script started.
[2025-12-17 03:33:13] Found autoload at: D:\xampp\htdocs\Hirenorian\Pages\Account Registration Pages\Company Registration Modern\php/../../../../vendor/autoload.php
[2025-12-17 03:33:13] Raw input: {"email":"clarencecastro267@gmail.com"}
[2025-12-17 03:33:13] Generated OTP: 569152 for clarencecastro267@gmail.com
[2025-12-17 03:33:13] SMTP configured.
[2025-12-17 03:33:13] Attempting to send...
[2025-12-17 03:33:17] Email sent successfully.
[2025-12-17 06:20:37] Script started.
[2025-12-17 06:20:37] Found autoload at: D:\xampp\htdocs\Hirenorian\Pages\Account Registration Pages\Company Registration Modern\php/../../../../vendor/autoload.php
[2025-12-17 06:20:37] Raw input: {"email":"clarence@gmail.com"}
[2025-12-17 06:20:37] Generated OTP: 477354 for clarence@gmail.com
[2025-12-17 06:20:37] SMTP configured.
[2025-12-17 06:20:37] Attempting to send...
[2025-12-17 06:20:43] Email sent successfully.
[2025-12-17 06:22:27] Script started.
[2025-12-17 06:22:27] Found autoload at: D:\xampp\htdocs\Hirenorian\Pages\Account Registration Pages\Company Registration Modern\php/../../../../vendor/autoload.php
[2025-12-17 06:22:27] Raw input: {"email":"clarence@gmail.com"}
[2025-12-17 06:22:27] Generated OTP: 751961 for clarence@gmail.com
[2025-12-17 06:22:27] SMTP configured.
[2025-12-17 06:22:27] Attempting to send...
[2025-12-17 06:22:32] Email sent successfully.
[2025-12-17 06:22:37] Script started.
[2025-12-17 06:22:37] Found autoload at: D:\xampp\htdocs\Hirenorian\Pages\Account Registration Pages\Company Registration Modern\php/../../../../vendor/autoload.php
[2025-12-17 06:22:37] Raw input: {"email":"clarence@gmail.com"}
[2025-12-17 06:22:37] Generated OTP: 918236 for clarence@gmail.com
[2025-12-17 06:22:37] SMTP configured.
[2025-12-17 06:22:37] Attempting to send...
[2025-12-17 06:22:41] Email sent successfully.
[2025-12-17 06:31:37] Script started.
[2025-12-17 06:31:37] Found autoload at: D:\xampp\htdocs\Hirenorian\Pages\Account Registration Pages\Company Registration Modern\php/../../../../vendor/autoload.php
[2025-12-17 06:31:37] Raw input: {"email":"clarence.jheden.r.castro@gmail.com"}
[2025-12-17 06:31:37] Generated OTP: 649462 for clarence.jheden.r.castro@gmail.com
[2025-12-17 06:31:37] SMTP configured.
[2025-12-17 06:31:37] Attempting to send...
[2025-12-17 06:31:40] Email sent successfully.
[2025-12-17 06:32:02] Script started.
[2025-12-17 06:32:02] Found autoload at: D:\xampp\htdocs\Hirenorian\Pages\Account Registration Pages\Company Registration Modern\php/../../../../vendor/autoload.php
[2025-12-17 06:32:02] Raw input: {"email":"clarence.jheden.r.castro@gmail.com"}
[2025-12-17 06:32:02] Generated OTP: 962718 for clarence.jheden.r.castro@gmail.com
[2025-12-17 06:32:02] SMTP configured.
[2025-12-17 06:32:02] Attempting to send...
[2025-12-17 06:32:06] Email sent successfully.
[2025-12-17 06:32:47] Script started.
[2025-12-17 06:32:47] Found autoload at: D:\xampp\htdocs\Hirenorian\Pages\Account Registration Pages\Company Registration Modern\php/../../../../vendor/autoload.php
[2025-12-17 06:32:47] Raw input: {"email":"clarence.jheden.r.castro@gmail.com"}
[2025-12-17 06:32:47] Generated OTP: 517382 for clarence.jheden.r.castro@gmail.com
[2025-12-17 06:32:47] SMTP configured.
[2025-12-17 06:32:47] Attempting to send...
[2025-12-17 06:32:51] Email sent successfully.
